  Application.cpp
C:\Users\jwliv\Documents\Uni\Year 3\Sem 1\AGP\Assessment\Q15605515_Livingstone_Joseph_CUP688_AE1_Project\Q15605515_Livingstone_Joseph_CUP688_AE1_Project\Source\Core\Time.h(10,36): warning C4244: 'return': conversion from 'float' to 'int', possible loss of data
C:\Users\jwliv\Documents\Uni\Year 3\Sem 1\AGP\Assessment\Q15605515_Livingstone_Joseph_CUP688_AE1_Project\Q15605515_Livingstone_Joseph_CUP688_AE1_Project\Source\Core\Application.cpp(19,55): warning C4316: 'Renderer': object allocated on the heap may not be aligned 16
C:\Users\jwliv\Documents\Uni\Year 3\Sem 1\AGP\Assessment\Q15605515_Livingstone_Joseph_CUP688_AE1_Project\Q15605515_Livingstone_Joseph_CUP688_AE1_Project\Source\Core\Application.cpp(60,23): warning C4018: '<': signed/unsigned mismatch
  Input.cpp
  main.cpp
  IVisualObject.cpp
C:\Users\jwliv\Documents\Uni\Year 3\Sem 1\AGP\Assessment\Q15605515_Livingstone_Joseph_CUP688_AE1_Project\Q15605515_Livingstone_Joseph_CUP688_AE1_Project\Source\Core\AssetManager.h(3,11): warning C4099: 'Mesh': type name first seen using 'struct' now seen using 'class'
C:\Users\jwliv\Documents\Uni\Year 3\Sem 1\AGP\Assessment\Q15605515_Livingstone_Joseph_CUP688_AE1_Project\Q15605515_Livingstone_Joseph_CUP688_AE1_Project\Source\Rendering\Mesh.h(16,8): message : see declaration of 'Mesh'
  Renderer.cpp
C:\Users\jwliv\Documents\Uni\Year 3\Sem 1\AGP\Assessment\Q15605515_Livingstone_Joseph_CUP688_AE1_Project\Q15605515_Livingstone_Joseph_CUP688_AE1_Project\Source\Core\Time.h(10,36): warning C4244: 'return': conversion from 'float' to 'int', possible loss of data
C:\Users\jwliv\Documents\Uni\Year 3\Sem 1\AGP\Assessment\Q15605515_Livingstone_Joseph_CUP688_AE1_Project\Q15605515_Livingstone_Joseph_CUP688_AE1_Project\Source\Core\AssetManager.h(3,11): warning C4099: 'Mesh': type name first seen using 'struct' now seen using 'class'
C:\Users\jwliv\Documents\Uni\Year 3\Sem 1\AGP\Assessment\Q15605515_Livingstone_Joseph_CUP688_AE1_Project\Q15605515_Livingstone_Joseph_CUP688_AE1_Project\Source\Rendering\Mesh.h(16,8): message : see declaration of 'Mesh'
C:\Users\jwliv\Documents\Uni\Year 3\Sem 1\AGP\Assessment\Q15605515_Livingstone_Joseph_CUP688_AE1_Project\Q15605515_Livingstone_Joseph_CUP688_AE1_Project\Source\Rendering\Renderer.cpp(104,20): warning C4018: '<': signed/unsigned mismatch
C:\Users\jwliv\Documents\Uni\Year 3\Sem 1\AGP\Assessment\Q15605515_Livingstone_Joseph_CUP688_AE1_Project\Q15605515_Livingstone_Joseph_CUP688_AE1_Project\Source\Rendering\Renderer.cpp(126,20): warning C4018: '<': signed/unsigned mismatch
C:\Users\jwliv\Documents\Uni\Year 3\Sem 1\AGP\Assessment\Q15605515_Livingstone_Joseph_CUP688_AE1_Project\Q15605515_Livingstone_Joseph_CUP688_AE1_Project\Source\Rendering\Renderer.cpp(152,35): warning C4101: 'scale': unreferenced local variable
C:\Users\jwliv\Documents\Uni\Year 3\Sem 1\AGP\Assessment\Q15605515_Livingstone_Joseph_CUP688_AE1_Project\Q15605515_Livingstone_Joseph_CUP688_AE1_Project\Source\Rendering\Renderer.cpp(152,25): warning C4101: 'rotation': unreferenced local variable
C:\Users\jwliv\Documents\Uni\Year 3\Sem 1\AGP\Assessment\Q15605515_Livingstone_Joseph_CUP688_AE1_Project\Q15605515_Livingstone_Joseph_CUP688_AE1_Project\Source\Rendering\Renderer.cpp(152,12): warning C4101: 'translation': unreferenced local variable
  Generating Code...
  Q15605515_Livingstone_Joseph_CUP688_AE1_Project.vcxproj -> C:\Users\jwliv\Documents\Uni\Year 3\Sem 1\AGP\Assessment\Q15605515_Livingstone_Joseph_CUP688_AE1_Project\Debug\Q15605515_Livingstone_Joseph_CUP688_AE1_Project.exe
