  compilation object save succeeded; see C:\Users\jwliv\Documents\Uni\Year 3\Sem 1\AGP\Assessment\GitHub\DirectX-Rendering build\x64\Release\SkyboxPixelShader.cso
  compilation object save succeeded; see C:\Users\jwliv\Documents\Uni\Year 3\Sem 1\AGP\Assessment\GitHub\DirectX-Rendering build\x64\Release\SkyboxVertexShader.cso
  compilation object save succeeded; see C:\Users\jwliv\Documents\Uni\Year 3\Sem 1\AGP\Assessment\GitHub\DirectX-Rendering build\x64\Release\PixelShader.cso
C:\Users\jwliv\Documents\Uni\Year 3\Sem 1\AGP\Assessment\GitHub\DirectX-Rendering build\Q15605515_Livingstone_Joseph_CUP688_AE1_Project\Source\Rendering\Shaders\VertexShader.hlsl(37,5-37): warning X3206: implicit truncation of vector type
C:\Users\jwliv\Documents\Uni\Year 3\Sem 1\AGP\Assessment\GitHub\DirectX-Rendering build\Q15605515_Livingstone_Joseph_CUP688_AE1_Project\Source\Rendering\Shaders\VertexShader.hlsl(40,5-63): warning X3206: implicit truncation of vector type
C:\Users\jwliv\Documents\Uni\Year 3\Sem 1\AGP\Assessment\GitHub\DirectX-Rendering build\Q15605515_Livingstone_Joseph_CUP688_AE1_Project\Source\Rendering\Shaders\VertexShader.hlsl(30,9-18): warning X3578: Output value 'main' is not completely initialized
  
  compilation object save succeeded; see C:\Users\jwliv\Documents\Uni\Year 3\Sem 1\AGP\Assessment\GitHub\DirectX-Rendering build\x64\Release\VertexShader.cso
  Character.cpp
C:\Users\jwliv\Documents\Uni\Year 3\Sem 1\AGP\Assessment\GitHub\DirectX-Rendering build\Q15605515_Livingstone_Joseph_CUP688_AE1_Project\Source\Core\Time.h(10,35): warning C4244: 'return': conversion from 'double' to 'int', possible loss of data
C:\Users\jwliv\Documents\Uni\Year 3\Sem 1\AGP\Assessment\GitHub\DirectX-Rendering build\Q15605515_Livingstone_Joseph_CUP688_AE1_Project\Source\GameObjects\Character.cpp(32,21): warning C4838: conversion from 'double' to 'float' requires a narrowing conversion
C:\Users\jwliv\Documents\Uni\Year 3\Sem 1\AGP\Assessment\GitHub\DirectX-Rendering build\Q15605515_Livingstone_Joseph_CUP688_AE1_Project\Source\GameObjects\Character.cpp(32,21): warning C4244: 'initializing': conversion from 'double' to 'float', possible loss of data
C:\Users\jwliv\Documents\Uni\Year 3\Sem 1\AGP\Assessment\GitHub\DirectX-Rendering build\Q15605515_Livingstone_Joseph_CUP688_AE1_Project\Source\GameObjects\Character.cpp(34,21): warning C4838: conversion from 'double' to 'float' requires a narrowing conversion
C:\Users\jwliv\Documents\Uni\Year 3\Sem 1\AGP\Assessment\GitHub\DirectX-Rendering build\Q15605515_Livingstone_Joseph_CUP688_AE1_Project\Source\GameObjects\Character.cpp(34,21): warning C4244: 'initializing': conversion from 'double' to 'float', possible loss of data
  Prop.cpp
  Model.cpp
C:\Users\jwliv\Documents\Uni\Year 3\Sem 1\AGP\Assessment\GitHub\DirectX-Rendering build\Q15605515_Livingstone_Joseph_CUP688_AE1_Project\Source\Rendering\OBJ\Model.cpp(19,46): warning C4267: '=': conversion from 'size_t' to 'UINT', possible loss of data
C:\Users\jwliv\Documents\Uni\Year 3\Sem 1\AGP\Assessment\GitHub\DirectX-Rendering build\Q15605515_Livingstone_Joseph_CUP688_AE1_Project\Source\Rendering\OBJ\Model.cpp(34,32): warning C4267: '=': conversion from 'size_t' to 'UINT', possible loss of data
C:\Users\jwliv\Documents\Uni\Year 3\Sem 1\AGP\Assessment\GitHub\DirectX-Rendering build\Q15605515_Livingstone_Joseph_CUP688_AE1_Project\Source\Rendering\OBJ\Model.cpp(161,52): warning C4244: '=': conversion from 'int' to 'float', possible loss of data
C:\Users\jwliv\Documents\Uni\Year 3\Sem 1\AGP\Assessment\GitHub\DirectX-Rendering build\Q15605515_Livingstone_Joseph_CUP688_AE1_Project\Source\Rendering\OBJ\Model.cpp(180,31): warning C4267: '=': conversion from 'size_t' to 'int', possible loss of data
C:\Users\jwliv\Documents\Uni\Year 3\Sem 1\AGP\Assessment\GitHub\DirectX-Rendering build\Q15605515_Livingstone_Joseph_CUP688_AE1_Project\Source\Rendering\OBJ\Model.cpp(102,34): warning C4101: 'scale': unreferenced local variable
C:\Users\jwliv\Documents\Uni\Year 3\Sem 1\AGP\Assessment\GitHub\DirectX-Rendering build\Q15605515_Livingstone_Joseph_CUP688_AE1_Project\Source\Rendering\OBJ\Model.cpp(102,24): warning C4101: 'rotation': unreferenced local variable
C:\Users\jwliv\Documents\Uni\Year 3\Sem 1\AGP\Assessment\GitHub\DirectX-Rendering build\Q15605515_Livingstone_Joseph_CUP688_AE1_Project\Source\Rendering\OBJ\Model.cpp(102,11): warning C4101: 'translation': unreferenced local variable
  ObjModelLoader.cpp
C:\Users\jwliv\Documents\Uni\Year 3\Sem 1\AGP\Assessment\GitHub\DirectX-Rendering build\Q15605515_Livingstone_Joseph_CUP688_AE1_Project\Source\Rendering\OBJ\ObjModelLoader.cpp(126,59): warning C4267: 'argument': conversion from 'size_t' to '_Ty', possible loss of data
          with
          [
              _Ty=unsigned int
          ]
C:\Users\jwliv\Documents\Uni\Year 3\Sem 1\AGP\Assessment\GitHub\DirectX-Rendering build\Q15605515_Livingstone_Joseph_CUP688_AE1_Project\Source\Rendering\OBJ\ObjModelLoader.cpp(132,75): warning C4267: 'argument': conversion from 'size_t' to '_Ty', possible loss of data
          with
          [
              _Ty=int
          ]
C:\Program Files\Microsoft Visual Studio\2022\Community\VC\Tools\MSVC\14.37.32822\include\utility(270,16): warning C4267: 'initializing': conversion from 'size_t' to '_Ty1', possible loss of data
          with
          [
              _Ty1=const int
          ]
C:\Program Files\Microsoft Visual Studio\2022\Community\VC\Tools\MSVC\14.37.32822\include\xmemory(719,103): message : see reference to function template instantiation 'std::pair<const int,std::string>::pair<unsigned __int64,std::basic_string<char,std::char_traits<char>,std::allocator<char>>,0>(std::pair<unsigned __int64,std::basic_string<char,std::char_traits<char>,std::allocator<char>>> &&) noexcept' being compiled
C:\Program Files\Microsoft Visual Studio\2022\Community\VC\Tools\MSVC\14.37.32822\include\list(586,25): message : see reference to function template instantiation 'void std::_Default_allocator_traits<_Alloc>::construct<_Ty,std::pair<unsigned __int64,std::basic_string<char,std::char_traits<char>,std::allocator<char>>>>(_Alloc &,_Objty *const ,std::pair<unsigned __int64,std::basic_string<char,std::char_traits<char>,std::allocator<char>>> &&)' being compiled
          with
          [
              _Alloc=std::allocator<std::_List_node<std::pair<const int,std::string>,std::_Default_allocator_traits<std::allocator<std::pair<const int,std::string>>>::void_pointer>>,
              _Ty=std::pair<const int,std::string>,
              _Objty=std::pair<const int,std::string>
          ]
C:\Program Files\Microsoft Visual Studio\2022\Community\VC\Tools\MSVC\14.37.32822\include\xhash(622,53): message : see reference to function template instantiation 'std::_List_node_emplace_op2<std::allocator<std::_List_node<_Ty,std::_Default_allocator_traits<_Alloc>::void_pointer>>>::_List_node_emplace_op2<std::pair<unsigned __int64,std::basic_string<char,std::char_traits<char>,std::allocator<char>>>>(_Alnode &,std::pair<unsigned __int64,std::basic_string<char,std::char_traits<char>,std::allocator<char>>> &&)' being compiled
          with
          [
              _Ty=std::pair<const int,std::string>,
              _Alloc=std::allocator<std::pair<const int,std::string>>,
              _Alnode=std::allocator<std::_List_node<std::pair<const int,std::string>,std::_Default_allocator_traits<std::allocator<std::pair<const int,std::string>>>::void_pointer>>
          ]
C:\Program Files\Microsoft Visual Studio\2022\Community\VC\Tools\MSVC\14.37.32822\include\unordered_map(276,20): message : see reference to function template instantiation 'std::pair<std::_List_iterator<std::_List_val<std::_List_simple_types<_Ty>>>,bool> std::_Hash<std::_Umap_traits<_Kty,std::basic_string<char,std::char_traits<char>,std::allocator<char>>,std::_Uhash_compare<_Kty,_Hasher,_Keyeq>,_Alloc,false>>::emplace<std::pair<unsigned __int64,std::basic_string<char,std::char_traits<char>,std::allocator<char>>>>(std::pair<unsigned __int64,std::basic_string<char,std::char_traits<char>,std::allocator<char>>> &&)' being compiled
          with
          [
              _Ty=std::pair<const int,std::string>,
              _Kty=int,
              _Hasher=std::hash<int>,
              _Keyeq=std::equal_to<int>,
              _Alloc=std::allocator<std::pair<const int,std::string>>
          ]
C:\Users\jwliv\Documents\Uni\Year 3\Sem 1\AGP\Assessment\GitHub\DirectX-Rendering build\Q15605515_Livingstone_Joseph_CUP688_AE1_Project\Source\Rendering\OBJ\ObjModelLoader.cpp(131,40): message : see reference to function template instantiation 'std::pair<std::_List_iterator<std::_List_val<std::_List_simple_types<_Ty>>>,bool> std::unordered_map<int,std::string,std::hash<int>,std::equal_to<int>,std::allocator<_Ty>>::insert<std::pair<unsigned __int64,std::basic_string<char,std::char_traits<char>,std::allocator<char>>>,0>(_Valty &&)' being compiled
          with
          [
              _Ty=std::pair<const int,std::string>,
              _Valty=std::pair<unsigned __int64,std::basic_string<char,std::char_traits<char>,std::allocator<char>>>
          ]
C:\Users\jwliv\Documents\Uni\Year 3\Sem 1\AGP\Assessment\GitHub\DirectX-Rendering build\Q15605515_Livingstone_Joseph_CUP688_AE1_Project\Source\Rendering\OBJ\ObjModelLoader.cpp(131,47): message : see the first reference to 'std::unordered_map<int,std::string,std::hash<int>,std::equal_to<int>,std::allocator<std::pair<const int,std::string>>>::insert' in 'ObjModelLoader::LoadModelData'
  Camera.cpp
  GameObject.cpp
  Input.cpp
  Renderer.cpp
C:\Users\jwliv\Documents\Uni\Year 3\Sem 1\AGP\Assessment\GitHub\DirectX-Rendering build\Q15605515_Livingstone_Joseph_CUP688_AE1_Project\Source\Core\Time.h(10,35): warning C4244: 'return': conversion from 'double' to 'int', possible loss of data
C:\Users\jwliv\Documents\Uni\Year 3\Sem 1\AGP\Assessment\GitHub\DirectX-Rendering build\Q15605515_Livingstone_Joseph_CUP688_AE1_Project\Source\Rendering\Renderer.cpp(171,47): warning C4267: 'argument': conversion from 'size_t' to 'UINT', possible loss of data
C:\Users\jwliv\Documents\Uni\Year 3\Sem 1\AGP\Assessment\GitHub\DirectX-Rendering build\Q15605515_Livingstone_Joseph_CUP688_AE1_Project\Source\Rendering\Renderer.cpp(272,52): warning C4244: '=': conversion from 'UINT' to 'FLOAT', possible loss of data
C:\Users\jwliv\Documents\Uni\Year 3\Sem 1\AGP\Assessment\GitHub\DirectX-Rendering build\Q15605515_Livingstone_Joseph_CUP688_AE1_Project\Source\Rendering\Renderer.cpp(273,53): warning C4244: '=': conversion from 'UINT' to 'FLOAT', possible loss of data
C:\Users\jwliv\Documents\Uni\Year 3\Sem 1\AGP\Assessment\GitHub\DirectX-Rendering build\Q15605515_Livingstone_Joseph_CUP688_AE1_Project\Source\Rendering\Renderer.cpp(327,32): warning C4267: '=': conversion from 'size_t' to 'UINT', possible loss of data
  Application.cpp
C:\Users\jwliv\Documents\Uni\Year 3\Sem 1\AGP\Assessment\GitHub\DirectX-Rendering build\Q15605515_Livingstone_Joseph_CUP688_AE1_Project\Source\Core\Time.h(10,35): warning C4244: 'return': conversion from 'double' to 'int', possible loss of data
  main.cpp
  text2D.cpp
  Time.cpp
C:\Users\jwliv\Documents\Uni\Year 3\Sem 1\AGP\Assessment\GitHub\DirectX-Rendering build\Q15605515_Livingstone_Joseph_CUP688_AE1_Project\Source\Core\Time.h(10,35): warning C4244: 'return': conversion from 'double' to 'int', possible loss of data
  GameWindow.cpp
C:\Users\jwliv\Documents\Uni\Year 3\Sem 1\AGP\Assessment\GitHub\DirectX-Rendering build\Q15605515_Livingstone_Joseph_CUP688_AE1_Project\Source\Rendering\GameWindow.cpp(27,33): warning C4838: conversion from 'float' to 'LONG' requires a narrowing conversion
C:\Users\jwliv\Documents\Uni\Year 3\Sem 1\AGP\Assessment\GitHub\DirectX-Rendering build\Q15605515_Livingstone_Joseph_CUP688_AE1_Project\Source\Rendering\GameWindow.cpp(27,33): warning C4244: 'initializing': conversion from 'float' to 'LONG', possible loss of data
C:\Users\jwliv\Documents\Uni\Year 3\Sem 1\AGP\Assessment\GitHub\DirectX-Rendering build\Q15605515_Livingstone_Joseph_CUP688_AE1_Project\Source\Rendering\GameWindow.cpp(27,50): warning C4838: conversion from 'float' to 'LONG' requires a narrowing conversion
C:\Users\jwliv\Documents\Uni\Year 3\Sem 1\AGP\Assessment\GitHub\DirectX-Rendering build\Q15605515_Livingstone_Joseph_CUP688_AE1_Project\Source\Rendering\GameWindow.cpp(27,50): warning C4244: 'initializing': conversion from 'float' to 'LONG', possible loss of data
C:\Users\jwliv\Documents\Uni\Year 3\Sem 1\AGP\Assessment\GitHub\DirectX-Rendering build\Q15605515_Livingstone_Joseph_CUP688_AE1_Project\Source\Rendering\GameWindow.cpp(11,10): warning C4101: 'result': unreferenced local variable
  Generating code
  Previous IPDB not found, fall back to full compilation.
C:\Users\jwliv\Documents\Uni\Year 3\Sem 1\AGP\Assessment\GitHub\DirectX-Rendering build\Q15605515_Livingstone_Joseph_CUP688_AE1_Project\Source\Rendering\OBJ\ObjModelLoader.cpp(47): warning C4172: returning address of local variable or temporary
  All 1723 functions were compiled because no usable IPDB/IOBJ from previous compilation was found.
  Finished generating code
  Q15605515_Livingstone_Joseph_CUP688_AE1_Project.vcxproj -> C:\Users\jwliv\Documents\Uni\Year 3\Sem 1\AGP\Assessment\GitHub\DirectX-Rendering build\x64\Release\Q15605515_Livingstone_Joseph_CUP688_AE1_Project.exe
